# JRE version: OpenJDK Runtime Environment Temurin-17.0.12+7 (17.0.12+7) (build 17.0.12+7)
# Java VM: OpenJDK 64-Bit Server VM Temurin-17.0.12+7 (17.0.12+7, mixed mode, tiered, compressed oops, compressed class ptrs, parallel gc, windows-amd64)
GC Precious Log:
 CPUs: 8 total, 8 available
 Memory: 7918M
 Large Page Support: Disabled
 NUMA Support: Disabled
 Compressed Oops: Enabled (32-bit)
 Alignments: Space 512K, Generation 512K, Heap 2M
 Heap Min Capacity: 100M
 Heap Initial Capacity: 100M
 Heap Max Capacity: 1G
 Pre-touch: Disabled
 Parallel Workers: 8
Heap:
 PSYoungGen      total 17408K, used 5370K [0x00000000eab00000, 0x00000000ec100000, 0x0000000100000000)
  eden space 13312K, 9% used [0x00000000eab00000,0x00000000eac45bc8,0x00000000eb800000)
  from space 4096K, 99% used [0x00000000eb900000,0x00000000ebcf8cc8,0x00000000ebd00000)
  to   space 3072K, 0% used [0x00000000ebe00000,0x00000000ebe00000,0x00000000ec100000)
 ParOldGen       total 140800K, used 109192K [0x00000000c0000000, 0x00000000c8980000, 0x00000000eab00000)
  object space 140800K, 77% used [0x00000000c0000000,0x00000000c6aa2178,0x00000000c8980000)
 Metaspace       used 79912K, committed 81216K, reserved 1179648K
  class space    used 8490K, committed 9088K, reserved 1048576K
GC Heap History (20 events):
Event: 8060.286 GC heap before
{Heap before GC invocations=384 (full 15):
 PSYoungGen      total 15360K, used 15328K [0x00000000eab00000, 0x00000000ecc80000, 0x0000000100000000)
  eden space 7168K, 100% used [0x00000000eab00000,0x00000000eb200000,0x00000000eb200000)
  from space 8192K, 99% used [0x00000000ebd80000,0x00000000ec5781d8,0x00000000ec580000)
  to   space 11776K, 0% used [0x00000000eb200000,0x00000000eb200000,0x00000000ebd80000)
 ParOldGen       total 114176K, used 97467K [0x00000000c0000000, 0x00000000c6f80000, 0x00000000eab00000)
  object space 114176K, 85% used [0x00000000c0000000,0x00000000c5f2ee98,0x00000000c6f80000)
 Metaspace       used 79632K, committed 80960K, reserved 1179648K
  class space    used 8454K, committed 9088K, reserved 1048576K
}
Event: 8060.296 GC heap after
{Heap after GC invocations=384 (full 15):
 PSYoungGen      total 8704K, used 1340K [0x00000000eab00000, 0x00000000ebe00000, 0x0000000100000000)
  eden space 7168K, 0% used [0x00000000eab00000,0x00000000eab00000,0x00000000eb200000)
  from space 1536K, 87% used [0x00000000eb200000,0x00000000eb34f1e8,0x00000000eb380000)
  to   space 5120K, 0% used [0x00000000eb900000,0x00000000eb900000,0x00000000ebe00000)
 ParOldGen       total 114176K, used 105625K [0x00000000c0000000, 0x00000000c6f80000, 0x00000000eab00000)
  object space 114176K, 92% used [0x00000000c0000000,0x00000000c6726588,0x00000000c6f80000)
 Metaspace       used 79632K, committed 80960K, reserved 1179648K
  class space    used 8454K, committed 9088K, reserved 1048576K
}
Event: 8060.296 GC heap before
{Heap before GC invocations=385 (full 16):
 PSYoungGen      total 8704K, used 1340K [0x00000000eab00000, 0x00000000ebe00000, 0x0000000100000000)
  eden space 7168K, 0% used [0x00000000eab00000,0x00000000eab00000,0x00000000eb200000)
  from space 1536K, 87% used [0x00000000eb200000,0x00000000eb34f1e8,0x00000000eb380000)
  to   space 5120K, 0% used [0x00000000eb900000,0x00000000eb900000,0x00000000ebe00000)
 ParOldGen       total 114176K, used 105625K [0x00000000c0000000, 0x00000000c6f80000, 0x00000000eab00000)
  object space 114176K, 92% used [0x00000000c0000000,0x00000000c6726588,0x00000000c6f80000)
 Metaspace       used 79632K, committed 80960K, reserved 1179648K
  class space    used 8454K, committed 9088K, reserved 1048576K
}
Event: 8060.403 GC heap after
{Heap after GC invocations=385 (full 16):
 PSYoungGen      total 12288K, used 0K [0x00000000eab00000, 0x00000000ebd00000, 0x0000000100000000)
  eden space 8192K, 0% used [0x00000000eab00000,0x00000000eab00000,0x00000000eb300000)
  from space 4096K, 0% used [0x00000000eb900000,0x00000000eb900000,0x00000000ebd00000)
  to   space 5120K, 0% used [0x00000000eb300000,0x00000000eb300000,0x00000000eb800000)
 ParOldGen       total 140800K, used 93346K [0x00000000c0000000, 0x00000000c8980000, 0x00000000eab00000)
  object space 140800K, 66% used [0x00000000c0000000,0x00000000c5b28a98,0x00000000c8980000)
 Metaspace       used 79632K, committed 80960K, reserved 1179648K
  class space    used 8454K, committed 9088K, reserved 1048576K
}
Event: 8060.503 GC heap before
{Heap before GC invocations=386 (full 16):
 PSYoungGen      total 12288K, used 8192K [0x00000000eab00000, 0x00000000ebd00000, 0x0000000100000000)
  eden space 8192K, 100% used [0x00000000eab00000,0x00000000eb300000,0x00000000eb300000)
  from space 4096K, 0% used [0x00000000eb900000,0x00000000eb900000,0x00000000ebd00000)
  to   space 5120K, 0% used [0x00000000eb300000,0x00000000eb300000,0x00000000eb800000)
 ParOldGen       total 140800K, used 93346K [0x00000000c0000000, 0x00000000c8980000, 0x00000000eab00000)
  object space 140800K, 66% used [0x00000000c0000000,0x00000000c5b28a98,0x00000000c8980000)
 Metaspace       used 79806K, committed 81088K, reserved 1179648K
  class space    used 8485K, committed 9088K, reserved 1048576K
}
Event: 8060.505 GC heap after
{Heap after GC invocations=386 (full 16):
 PSYoungGen      total 10240K, used 1729K [0x00000000eab00000, 0x00000000eb980000, 0x0000000100000000)
  eden space 8192K, 0% used [0x00000000eab00000,0x00000000eab00000,0x00000000eb300000)
  from space 2048K, 84% used [0x00000000eb300000,0x00000000eb4b0458,0x00000000eb500000)
  to   space 2560K, 0% used [0x00000000eb700000,0x00000000eb700000,0x00000000eb980000)
 ParOldGen       total 140800K, used 93354K [0x00000000c0000000, 0x00000000c8980000, 0x00000000eab00000)
  object space 140800K, 66% used [0x00000000c0000000,0x00000000c5b2aa98,0x00000000c8980000)
 Metaspace       used 79806K, committed 81088K, reserved 1179648K
  class space    used 8485K, committed 9088K, reserved 1048576K
}
Event: 8060.630 GC heap before
{Heap before GC invocations=387 (full 16):
 PSYoungGen      total 10240K, used 9921K [0x00000000eab00000, 0x00000000eb980000, 0x0000000100000000)
  eden space 8192K, 100% used [0x00000000eab00000,0x00000000eb300000,0x00000000eb300000)
  from space 2048K, 84% used [0x00000000eb300000,0x00000000eb4b0458,0x00000000eb500000)
  to   space 2560K, 0% used [0x00000000eb700000,0x00000000eb700000,0x00000000eb980000)
 ParOldGen       total 140800K, used 93354K [0x00000000c0000000, 0x00000000c8980000, 0x00000000eab00000)
  object space 140800K, 66% used [0x00000000c0000000,0x00000000c5b2aa98,0x00000000c8980000)
 Metaspace       used 79912K, committed 81216K, reserved 1179648K
  class space    used 8490K, committed 9088K, reserved 1048576K
}
Event: 8060.633 GC heap after
{Heap after GC invocations=387 (full 16):
 PSYoungGen      total 11776K, used 2559K [0x00000000eab00000, 0x00000000eba00000, 0x0000000100000000)
  eden space 9216K, 0% used [0x00000000eab00000,0x00000000eab00000,0x00000000eb400000)
  from space 2560K, 99% used [0x00000000eb700000,0x00000000eb97fcc0,0x00000000eb980000)
  to   space 3072K, 0% used [0x00000000eb400000,0x00000000eb400000,0x00000000eb700000)
 ParOldGen       total 140800K, used 93458K [0x00000000c0000000, 0x00000000c8980000, 0x00000000eab00000)
  object space 140800K, 66% used [0x00000000c0000000,0x00000000c5b44a98,0x00000000c8980000)
 Metaspace       used 79912K, committed 81216K, reserved 1179648K
  class space    used 8490K, committed 9088K, reserved 1048576K
}
Event: 8060.675 GC heap before
{Heap before GC invocations=388 (full 16):
 PSYoungGen      total 11776K, used 11775K [0x00000000eab00000, 0x00000000eba00000, 0x0000000100000000)
  eden space 9216K, 100% used [0x00000000eab00000,0x00000000eb400000,0x00000000eb400000)
  from space 2560K, 99% used [0x00000000eb700000,0x00000000eb97fcc0,0x00000000eb980000)
  to   space 3072K, 0% used [0x00000000eb400000,0x00000000eb400000,0x00000000eb700000)
 ParOldGen       total 140800K, used 93458K [0x00000000c0000000, 0x00000000c8980000, 0x00000000eab00000)
  object space 140800K, 66% used [0x00000000c0000000,0x00000000c5b44a98,0x00000000c8980000)
 Metaspace       used 79912K, committed 81216K, reserved 1179648K
  class space    used 8490K, committed 9088K, reserved 1048576K
}
Event: 8060.679 GC heap after
{Heap after GC invocations=388 (full 16):
 PSYoungGen      total 12288K, used 3067K [0x00000000eab00000, 0x00000000ec000000, 0x0000000100000000)
  eden space 9216K, 0% used [0x00000000eab00000,0x00000000eab00000,0x00000000eb400000)
  from space 3072K, 99% used [0x00000000eb400000,0x00000000eb6fed68,0x00000000eb700000)
  to   space 5632K, 0% used [0x00000000eba80000,0x00000000eba80000,0x00000000ec000000)
 ParOldGen       total 140800K, used 95189K [0x00000000c0000000, 0x00000000c8980000, 0x00000000eab00000)
  object space 140800K, 67% used [0x00000000c0000000,0x00000000c5cf5648,0x00000000c8980000)
 Metaspace       used 79912K, committed 81216K, reserved 1179648K
  class space    used 8490K, committed 9088K, reserved 1048576K
}
Event: 8060.733 GC heap before
{Heap before GC invocations=389 (full 16):
 PSYoungGen      total 12288K, used 12283K [0x00000000eab00000, 0x00000000ec000000, 0x0000000100000000)
  eden space 9216K, 100% used [0x00000000eab00000,0x00000000eb400000,0x00000000eb400000)
  from space 3072K, 99% used [0x00000000eb400000,0x00000000eb6fed68,0x00000000eb700000)
  to   space 5632K, 0% used [0x00000000eba80000,0x00000000eba80000,0x00000000ec000000)
 ParOldGen       total 140800K, used 95189K [0x00000000c0000000, 0x00000000c8980000, 0x00000000eab00000)
  object space 140800K, 67% used [0x00000000c0000000,0x00000000c5cf5648,0x00000000c8980000)
 Metaspace       used 79912K, committed 81216K, reserved 1179648K
  class space    used 8490K, committed 9088K, reserved 1048576K
}
Event: 8060.738 GC heap after
{Heap after GC invocations=389 (full 16):
 PSYoungGen      total 12800K, used 2194K [0x00000000eab00000, 0x00000000ebd00000, 0x0000000100000000)
  eden space 10240K, 0% used [0x00000000eab00000,0x00000000eab00000,0x00000000eb500000)
  from space 2560K, 85% used [0x00000000eba80000,0x00000000ebca4be8,0x00000000ebd00000)
  to   space 3584K, 0% used [0x00000000eb600000,0x00000000eb600000,0x00000000eb980000)
 ParOldGen       total 140800K, used 98077K [0x00000000c0000000, 0x00000000c8980000, 0x00000000eab00000)
  object space 140800K, 69% used [0x00000000c0000000,0x00000000c5fc7670,0x00000000c8980000)
 Metaspace       used 79912K, committed 81216K, reserved 1179648K
  class space    used 8490K, committed 9088K, reserved 1048576K
}
Event: 8060.787 GC heap before
{Heap before GC invocations=390 (full 16):
 PSYoungGen      total 12800K, used 12434K [0x00000000eab00000, 0x00000000ebd00000, 0x0000000100000000)
  eden space 10240K, 100% used [0x00000000eab00000,0x00000000eb500000,0x00000000eb500000)
  from space 2560K, 85% used [0x00000000eba80000,0x00000000ebca4be8,0x00000000ebd00000)
  to   space 3584K, 0% used [0x00000000eb600000,0x00000000eb600000,0x00000000eb980000)
 ParOldGen       total 140800K, used 98077K [0x00000000c0000000, 0x00000000c8980000, 0x00000000eab00000)
  object space 140800K, 69% used [0x00000000c0000000,0x00000000c5fc7670,0x00000000c8980000)
 Metaspace       used 79912K, committed 81216K, reserved 1179648K
  class space    used 8490K, committed 9088K, reserved 1048576K
}
Event: 8060.789 GC heap after
{Heap after GC invocations=390 (full 16):
 PSYoungGen      total 14848K, used 3574K [0x00000000eab00000, 0x00000000ebf00000, 0x0000000100000000)
  eden space 11264K, 0% used [0x00000000eab00000,0x00000000eab00000,0x00000000eb600000)
  from space 3584K, 99% used [0x00000000eb600000,0x00000000eb97d820,0x00000000eb980000)
  to   space 4608K, 0% used [0x00000000eba80000,0x00000000eba80000,0x00000000ebf00000)
 ParOldGen       total 140800K, used 98709K [0x00000000c0000000, 0x00000000c8980000, 0x00000000eab00000)
  object space 140800K, 70% used [0x00000000c0000000,0x00000000c6065670,0x00000000c8980000)
 Metaspace       used 79912K, committed 81216K, reserved 1179648K
  class space    used 8490K, committed 9088K, reserved 1048576K
}
Event: 8060.839 GC heap before
{Heap before GC invocations=391 (full 16):
 PSYoungGen      total 14848K, used 14838K [0x00000000eab00000, 0x00000000ebf00000, 0x0000000100000000)
  eden space 11264K, 100% used [0x00000000eab00000,0x00000000eb600000,0x00000000eb600000)
  from space 3584K, 99% used [0x00000000eb600000,0x00000000eb97d820,0x00000000eb980000)
  to   space 4608K, 0% used [0x00000000eba80000,0x00000000eba80000,0x00000000ebf00000)
 ParOldGen       total 140800K, used 98709K [0x00000000c0000000, 0x00000000c8980000, 0x00000000eab00000)
  object space 140800K, 70% used [0x00000000c0000000,0x00000000c6065670,0x00000000c8980000)
 Metaspace       used 79912K, committed 81216K, reserved 1179648K
  class space    used 8490K, committed 9088K, reserved 1048576K
}
Event: 8060.843 GC heap after
{Heap after GC invocations=391 (full 16):
 PSYoungGen      total 15872K, used 2659K [0x00000000eab00000, 0x00000000ebe00000, 0x0000000100000000)
  eden space 12288K, 0% used [0x00000000eab00000,0x00000000eab00000,0x00000000eb700000)
  from space 3584K, 74% used [0x00000000eba80000,0x00000000ebd18e40,0x00000000ebe00000)
  to   space 3584K, 0% used [0x00000000eb700000,0x00000000eb700000,0x00000000eba80000)
 ParOldGen       total 140800K, used 102152K [0x00000000c0000000, 0x00000000c8980000, 0x00000000eab00000)
  object space 140800K, 72% used [0x00000000c0000000,0x00000000c63c2130,0x00000000c8980000)
 Metaspace       used 79912K, committed 81216K, reserved 1179648K
  class space    used 8490K, committed 9088K, reserved 1048576K
}
Event: 8060.920 GC heap before
{Heap before GC invocations=392 (full 16):
 PSYoungGen      total 15872K, used 14947K [0x00000000eab00000, 0x00000000ebe00000, 0x0000000100000000)
  eden space 12288K, 100% used [0x00000000eab00000,0x00000000eb700000,0x00000000eb700000)
  from space 3584K, 74% used [0x00000000eba80000,0x00000000ebd18e40,0x00000000ebe00000)
  to   space 3584K, 0% used [0x00000000eb700000,0x00000000eb700000,0x00000000eba80000)
 ParOldGen       total 140800K, used 102152K [0x00000000c0000000, 0x00000000c8980000, 0x00000000eab00000)
  object space 140800K, 72% used [0x00000000c0000000,0x00000000c63c2130,0x00000000c8980000)
 Metaspace       used 79912K, committed 81216K, reserved 1179648K
  class space    used 8490K, committed 9088K, reserved 1048576K
}
Event: 8060.924 GC heap after
{Heap after GC invocations=392 (full 16):
 PSYoungGen      total 15872K, used 3558K [0x00000000eab00000, 0x00000000ec400000, 0x0000000100000000)
  eden space 12288K, 0% used [0x00000000eab00000,0x00000000eab00000,0x00000000eb700000)
  from space 3584K, 99% used [0x00000000eb700000,0x00000000eba79a90,0x00000000eba80000)
  to   space 6144K, 0% used [0x00000000ebe00000,0x00000000ebe00000,0x00000000ec400000)
 ParOldGen       total 140800K, used 104108K [0x00000000c0000000, 0x00000000c8980000, 0x00000000eab00000)
  object space 140800K, 73% used [0x00000000c0000000,0x00000000c65ab378,0x00000000c8980000)
 Metaspace       used 79912K, committed 81216K, reserved 1179648K
  class space    used 8490K, committed 9088K, reserved 1048576K
}
Event: 8060.993 GC heap before
{Heap before GC invocations=393 (full 16):
 PSYoungGen      total 15872K, used 15846K [0x00000000eab00000, 0x00000000ec400000, 0x0000000100000000)
  eden space 12288K, 100% used [0x00000000eab00000,0x00000000eb700000,0x00000000eb700000)
  from space 3584K, 99% used [0x00000000eb700000,0x00000000eba79a90,0x00000000eba80000)
  to   space 6144K, 0% used [0x00000000ebe00000,0x00000000ebe00000,0x00000000ec400000)
 ParOldGen       total 140800K, used 104108K [0x00000000c0000000, 0x00000000c8980000, 0x00000000eab00000)
  object space 140800K, 73% used [0x00000000c0000000,0x00000000c65ab378,0x00000000c8980000)
 Metaspace       used 79912K, committed 81216K, reserved 1179648K
  class space    used 8490K, committed 9088K, reserved 1048576K
}
Event: 8060.998 GC heap after
{Heap after GC invocations=393 (full 16):
 PSYoungGen      total 16384K, used 2916K [0x00000000eab00000, 0x00000000ec100000, 0x0000000100000000)
  eden space 13312K, 0% used [0x00000000eab00000,0x00000000eab00000,0x00000000eb800000)
  from space 3072K, 94% used [0x00000000ebe00000,0x00000000ec0d93f0,0x00000000ec100000)
  to   space 4096K, 0% used [0x00000000eb900000,0x00000000eb900000,0x00000000ebd00000)
 ParOldGen       total 140800K, used 107455K [0x00000000c0000000, 0x00000000c8980000, 0x00000000eab00000)
  object space 140800K, 76% used [0x00000000c0000000,0x00000000c68efd58,0x00000000c8980000)
 Metaspace       used 79912K, committed 81216K, reserved 1179648K
  class space    used 8490K, committed 9088K, reserved 1048576K
}

